<?xml version="1.0" encoding="UTF-8"?>
<testng-results ignored="0" total="1" passed="1" failed="0" skipped="0">
  <reporter-output>
  </reporter-output>
  <suite started-at="2026-03-21T21:45:24 GST" name="Suite" finished-at="2026-03-21T21:45:28 GST" duration-ms="4510">
    <groups>
    </groups>
    <test started-at="2026-03-21T21:45:24 GST" name="Test" finished-at="2026-03-21T21:45:28 GST" duration-ms="4510">
      <class name="testscript.LoginTest">
        <test-method is-config="true" signature="initialiseBrowser(java.lang.String)[pri:0, instance:testscript.LoginTest@f68f0dc]" started-at="2026-03-21T21:45:24 GST" name="initialiseBrowser" finished-at="2026-03-21T21:45:26 GST" duration-ms="2469" status="PASS">
          <params>
            <param index="0">
              <value>
                <![CDATA[Chrome]]>
              </value>
            </param>
          </params>
          <reporter-output>
          </reporter-output>
        </test-method> <!-- initialiseBrowser -->
        <test-method signature="validateUserWithValidUsernameInvalidPassword()[pri:0, instance:testscript.LoginTest@f68f0dc]" started-at="2026-03-21T21:45:26 GST" name="validateUserWithValidUsernameInvalidPassword" description="Verifying whether User can Login with Valid Username and Invalid Password" finished-at="2026-03-21T21:45:28 GST" duration-ms="1994" status="PASS">
          <reporter-output>
          </reporter-output>
        </test-method> <!-- validateUserWithValidUsernameInvalidPassword -->
        <test-method is-config="true" signature="driverQuit(org.testng.ITestResult)[pri:0, instance:testscript.LoginTest@f68f0dc]" started-at="2026-03-21T21:45:28 GST" name="driverQuit" finished-at="2026-03-21T21:45:28 GST" duration-ms="1" status="PASS">
          <params>
            <param index="0">
              <value>
                <![CDATA[[TestResult name=validateUserWithValidUsernameInvalidPassword status=SUCCESS method=LoginTest.validateUserWithValidUsernameInvalidPassword()[pri:0, instance:testscript.LoginTest@f68f0dc] output={null}]]]>
              </value>
            </param>
          </params>
          <reporter-output>
          </reporter-output>
        </test-method> <!-- driverQuit -->
      </class> <!-- testscript.LoginTest -->
    </test> <!-- Test -->
  </suite> <!-- Suite -->
</testng-results>
