<?xml version="1.0" encoding="UTF-8"?>
<!-- Generated by org.testng.reporters.JUnitXMLReporter -->
<testsuite ignored="3" hostname="Amitha" failures="0" tests="1" name="Test" time="4.51" errors="0" timestamp="2026-03-21T21:45:29 GST">
  <testcase classname="testscript.LoginTest" name="validateUserWithValidUsernameInvalidPassword" time="1.994"/>
  <testcase classname="testscript.LoginTest" name="validateUserWithInvalidUsernameValidPassword" time="0.0">
    <ignored/>
  </testcase> <!-- validateUserWithInvalidUsernameValidPassword -->
  <testcase classname="testscript.LoginTest" name="validateUserWithInvalidCredentials" time="0.0">
    <ignored/>
  </testcase> <!-- validateUserWithInvalidCredentials -->
  <testcase classname="testscript.LoginTest" name="validateUserLoginWithValidCredentials" time="0.0">
    <ignored/>
  </testcase> <!-- validateUserLoginWithValidCredentials -->
</testsuite> <!-- Test -->
